Start testing: Jun 27 18:41 CDT
----------------------------------------------------------
1/12 Testing: UnitTests3
1/12 Test: UnitTests3
Command: "/Users/downing/cs371g/github/exercises/build/UnitTests3"
Directory: /Users/downing/cs371g/github/exercises/build
"UnitTests3" start time: Jun 27 18:41 CDT
Output:
----------------------------------------------------------
Running main() from gtest_main.cc
[==========] Running 3 tests from 1 test case.
[----------] Global test environment set-up.
[----------] 3 tests from UnitTestsFixture
[ RUN      ] UnitTestsFixture.test_1
[       OK ] UnitTestsFixture.test_1 (0 ms)
[ RUN      ] UnitTestsFixture.test_2
[       OK ] UnitTestsFixture.test_2 (0 ms)
[ RUN      ] UnitTestsFixture.test_3
[       OK ] UnitTestsFixture.test_3 (0 ms)
[----------] 3 tests from UnitTestsFixture (0 ms total)

[----------] Global test environment tear-down
[==========] 3 tests from 1 test case ran. (0 ms total)
[  PASSED  ] 3 tests.
<end of output>
Test time =   0.00 sec
----------------------------------------------------------
Test Passed.
"UnitTests3" end time: Jun 27 18:41 CDT
"UnitTests3" time elapsed: 00:00:00
----------------------------------------------------------

2/12 Testing: Coverage1
2/12 Test: Coverage1
Command: "/Users/downing/cs371g/github/exercises/build/Coverage1"
Directory: /Users/downing/cs371g/github/exercises/build
"Coverage1" start time: Jun 27 18:41 CDT
Output:
----------------------------------------------------------
Running main() from gtest_main.cc
[==========] Running 1 test from 1 test case.
[----------] Global test environment set-up.
[----------] 1 test from CoverageFixture
[ RUN      ] CoverageFixture.test
[       OK ] CoverageFixture.test (0 ms)
[----------] 1 test from CoverageFixture (0 ms total)

[----------] Global test environment tear-down
[==========] 1 test from 1 test case ran. (1 ms total)
[  PASSED  ] 1 test.
<end of output>
Test time =   0.00 sec
----------------------------------------------------------
Test Passed.
"Coverage1" end time: Jun 27 18:41 CDT
"Coverage1" time elapsed: 00:00:00
----------------------------------------------------------

3/12 Testing: Coverage2
3/12 Test: Coverage2
Command: "/Users/downing/cs371g/github/exercises/build/Coverage2"
Directory: /Users/downing/cs371g/github/exercises/build
"Coverage2" start time: Jun 27 18:41 CDT
Output:
----------------------------------------------------------
Running main() from gtest_main.cc
[==========] Running 1 test from 1 test case.
[----------] Global test environment set-up.
[----------] 1 test from CoverageFixture
[ RUN      ] CoverageFixture.test
[       OK ] CoverageFixture.test (0 ms)
[----------] 1 test from CoverageFixture (0 ms total)

[----------] Global test environment tear-down
[==========] 1 test from 1 test case ran. (0 ms total)
[  PASSED  ] 1 test.
<end of output>
Test time =   0.00 sec
----------------------------------------------------------
Test Passed.
"Coverage2" end time: Jun 27 18:41 CDT
"Coverage2" time elapsed: 00:00:00
----------------------------------------------------------

4/12 Testing: Coverage3
4/12 Test: Coverage3
Command: "/Users/downing/cs371g/github/exercises/build/Coverage3"
Directory: /Users/downing/cs371g/github/exercises/build
"Coverage3" start time: Jun 27 18:41 CDT
Output:
----------------------------------------------------------
Running main() from gtest_main.cc
[==========] Running 1 test from 1 test case.
[----------] Global test environment set-up.
[----------] 1 test from CoverageFixture
[ RUN      ] CoverageFixture.test
[       OK ] CoverageFixture.test (0 ms)
[----------] 1 test from CoverageFixture (0 ms total)

[----------] Global test environment tear-down
[==========] 1 test from 1 test case ran. (0 ms total)
[  PASSED  ] 1 test.
<end of output>
Test time =   0.00 sec
----------------------------------------------------------
Test Passed.
"Coverage3" end time: Jun 27 18:41 CDT
"Coverage3" time elapsed: 00:00:00
----------------------------------------------------------

5/12 Testing: IsPrime1
5/12 Test: IsPrime1
Command: "/Users/downing/cs371g/github/exercises/build/IsPrime1"
Directory: /Users/downing/cs371g/github/exercises/build
"IsPrime1" start time: Jun 27 18:41 CDT
Output:
----------------------------------------------------------
Running main() from gtest_main.cc
[==========] Running 9 tests from 1 test case.
[----------] Global test environment set-up.
[----------] 9 tests from IsPrimeFixture
[ RUN      ] IsPrimeFixture.test_1
[       OK ] IsPrimeFixture.test_1 (0 ms)
[ RUN      ] IsPrimeFixture.test_2
[       OK ] IsPrimeFixture.test_2 (0 ms)
[ RUN      ] IsPrimeFixture.test_3
[       OK ] IsPrimeFixture.test_3 (0 ms)
[ RUN      ] IsPrimeFixture.test_4
[       OK ] IsPrimeFixture.test_4 (0 ms)
[ RUN      ] IsPrimeFixture.test_5
[       OK ] IsPrimeFixture.test_5 (0 ms)
[ RUN      ] IsPrimeFixture.test_7
[       OK ] IsPrimeFixture.test_7 (0 ms)
[ RUN      ] IsPrimeFixture.test_9
[       OK ] IsPrimeFixture.test_9 (0 ms)
[ RUN      ] IsPrimeFixture.test_27
[       OK ] IsPrimeFixture.test_27 (0 ms)
[ RUN      ] IsPrimeFixture.test_29
[       OK ] IsPrimeFixture.test_29 (0 ms)
[----------] 9 tests from IsPrimeFixture (0 ms total)

[----------] Global test environment tear-down
[==========] 9 tests from 1 test case ran. (0 ms total)
[  PASSED  ] 9 tests.
<end of output>
Test time =   0.00 sec
----------------------------------------------------------
Test Passed.
"IsPrime1" end time: Jun 27 18:41 CDT
"IsPrime1" time elapsed: 00:00:00
----------------------------------------------------------

6/12 Testing: IsPrime2
6/12 Test: IsPrime2
Command: "/Users/downing/cs371g/github/exercises/build/IsPrime2"
Directory: /Users/downing/cs371g/github/exercises/build
"IsPrime2" start time: Jun 27 18:41 CDT
Output:
----------------------------------------------------------
Running main() from gtest_main.cc
[==========] Running 9 tests from 1 test case.
[----------] Global test environment set-up.
[----------] 9 tests from IsPrimeFixture
[ RUN      ] IsPrimeFixture.test_1
[       OK ] IsPrimeFixture.test_1 (0 ms)
[ RUN      ] IsPrimeFixture.test_2
[       OK ] IsPrimeFixture.test_2 (0 ms)
[ RUN      ] IsPrimeFixture.test_3
[       OK ] IsPrimeFixture.test_3 (0 ms)
[ RUN      ] IsPrimeFixture.test_4
[       OK ] IsPrimeFixture.test_4 (0 ms)
[ RUN      ] IsPrimeFixture.test_5
[       OK ] IsPrimeFixture.test_5 (0 ms)
[ RUN      ] IsPrimeFixture.test_7
[       OK ] IsPrimeFixture.test_7 (0 ms)
[ RUN      ] IsPrimeFixture.test_9
[       OK ] IsPrimeFixture.test_9 (0 ms)
[ RUN      ] IsPrimeFixture.test_27
[       OK ] IsPrimeFixture.test_27 (0 ms)
[ RUN      ] IsPrimeFixture.test_29
[       OK ] IsPrimeFixture.test_29 (0 ms)
[----------] 9 tests from IsPrimeFixture (0 ms total)

[----------] Global test environment tear-down
[==========] 9 tests from 1 test case ran. (0 ms total)
[  PASSED  ] 9 tests.
<end of output>
Test time =   0.00 sec
----------------------------------------------------------
Test Passed.
"IsPrime2" end time: Jun 27 18:41 CDT
"IsPrime2" time elapsed: 00:00:00
----------------------------------------------------------

7/12 Testing: StrCmp
7/12 Test: StrCmp
Command: "/Users/downing/cs371g/github/exercises/build/StrCmp"
Directory: /Users/downing/cs371g/github/exercises/build
"StrCmp" start time: Jun 27 18:41 CDT
Output:
----------------------------------------------------------
Running main() from gtest_main.cc
[==========] Running 8 tests from 1 test case.
[----------] Global test environment set-up.
[----------] 8 tests from Str_Cmp_Instantiation/Str_Cmp_Fixture
[ RUN      ] Str_Cmp_Instantiation/Str_Cmp_Fixture.test_1/0
[       OK ] Str_Cmp_Instantiation/Str_Cmp_Fixture.test_1/0 (0 ms)
[ RUN      ] Str_Cmp_Instantiation/Str_Cmp_Fixture.test_1/1
[       OK ] Str_Cmp_Instantiation/Str_Cmp_Fixture.test_1/1 (0 ms)
[ RUN      ] Str_Cmp_Instantiation/Str_Cmp_Fixture.test_2/0
[       OK ] Str_Cmp_Instantiation/Str_Cmp_Fixture.test_2/0 (0 ms)
[ RUN      ] Str_Cmp_Instantiation/Str_Cmp_Fixture.test_2/1
[       OK ] Str_Cmp_Instantiation/Str_Cmp_Fixture.test_2/1 (0 ms)
[ RUN      ] Str_Cmp_Instantiation/Str_Cmp_Fixture.test_7/0
[       OK ] Str_Cmp_Instantiation/Str_Cmp_Fixture.test_7/0 (0 ms)
[ RUN      ] Str_Cmp_Instantiation/Str_Cmp_Fixture.test_7/1
[       OK ] Str_Cmp_Instantiation/Str_Cmp_Fixture.test_7/1 (0 ms)
[ RUN      ] Str_Cmp_Instantiation/Str_Cmp_Fixture.test_8/0
[       OK ] Str_Cmp_Instantiation/Str_Cmp_Fixture.test_8/0 (0 ms)
[ RUN      ] Str_Cmp_Instantiation/Str_Cmp_Fixture.test_8/1
[       OK ] Str_Cmp_Instantiation/Str_Cmp_Fixture.test_8/1 (0 ms)
[----------] 8 tests from Str_Cmp_Instantiation/Str_Cmp_Fixture (0 ms total)

[----------] Global test environment tear-down
[==========] 8 tests from 1 test case ran. (0 ms total)
[  PASSED  ] 8 tests.
<end of output>
Test time =   0.00 sec
----------------------------------------------------------
Test Passed.
"StrCmp" end time: Jun 27 18:41 CDT
"StrCmp" time elapsed: 00:00:00
----------------------------------------------------------

8/12 Testing: Equal
8/12 Test: Equal
Command: "/Users/downing/cs371g/github/exercises/build/Equal"
Directory: /Users/downing/cs371g/github/exercises/build
"Equal" start time: Jun 27 18:41 CDT
Output:
----------------------------------------------------------
Running main() from gtest_main.cc
[==========] Running 4 tests from 1 test case.
[----------] Global test environment set-up.
[----------] 4 tests from EqualListInstantiation/EqualListFixture
[ RUN      ] EqualListInstantiation/EqualListFixture.test_1/0
[       OK ] EqualListInstantiation/EqualListFixture.test_1/0 (0 ms)
[ RUN      ] EqualListInstantiation/EqualListFixture.test_1/1
[       OK ] EqualListInstantiation/EqualListFixture.test_1/1 (0 ms)
[ RUN      ] EqualListInstantiation/EqualListFixture.test_2/0
[       OK ] EqualListInstantiation/EqualListFixture.test_2/0 (0 ms)
[ RUN      ] EqualListInstantiation/EqualListFixture.test_2/1
[       OK ] EqualListInstantiation/EqualListFixture.test_2/1 (0 ms)
[----------] 4 tests from EqualListInstantiation/EqualListFixture (0 ms total)

[----------] Global test environment tear-down
[==========] 4 tests from 1 test case ran. (0 ms total)
[  PASSED  ] 4 tests.
<end of output>
Test time =   0.00 sec
----------------------------------------------------------
Test Passed.
"Equal" end time: Jun 27 18:41 CDT
"Equal" time elapsed: 00:00:00
----------------------------------------------------------

9/12 Testing: Copy
9/12 Test: Copy
Command: "/Users/downing/cs371g/github/exercises/build/Copy"
Directory: /Users/downing/cs371g/github/exercises/build
"Copy" start time: Jun 27 18:41 CDT
Output:
----------------------------------------------------------
Running main() from gtest_main.cc
[==========] Running 4 tests from 1 test case.
[----------] Global test environment set-up.
[----------] 4 tests from CopyListInstantiation/CopyListFixture
[ RUN      ] CopyListInstantiation/CopyListFixture.test_1/0
[       OK ] CopyListInstantiation/CopyListFixture.test_1/0 (0 ms)
[ RUN      ] CopyListInstantiation/CopyListFixture.test_1/1
[       OK ] CopyListInstantiation/CopyListFixture.test_1/1 (0 ms)
[ RUN      ] CopyListInstantiation/CopyListFixture.test_2/0
[       OK ] CopyListInstantiation/CopyListFixture.test_2/0 (0 ms)
[ RUN      ] CopyListInstantiation/CopyListFixture.test_2/1
[       OK ] CopyListInstantiation/CopyListFixture.test_2/1 (0 ms)
[----------] 4 tests from CopyListInstantiation/CopyListFixture (0 ms total)

[----------] Global test environment tear-down
[==========] 4 tests from 1 test case ran. (0 ms total)
[  PASSED  ] 4 tests.
<end of output>
Test time =   0.00 sec
----------------------------------------------------------
Test Passed.
"Copy" end time: Jun 27 18:41 CDT
"Copy" time elapsed: 00:00:00
----------------------------------------------------------

10/12 Testing: Fill
10/12 Test: Fill
Command: "/Users/downing/cs371g/github/exercises/build/Fill"
Directory: /Users/downing/cs371g/github/exercises/build
"Fill" start time: Jun 27 18:41 CDT
Output:
----------------------------------------------------------
Running main() from gtest_main.cc
[==========] Running 4 tests from 1 test case.
[----------] Global test environment set-up.
[----------] 4 tests from FillListInstantiation/FillListFixture
[ RUN      ] FillListInstantiation/FillListFixture.test_1/0
[       OK ] FillListInstantiation/FillListFixture.test_1/0 (0 ms)
[ RUN      ] FillListInstantiation/FillListFixture.test_1/1
[       OK ] FillListInstantiation/FillListFixture.test_1/1 (0 ms)
[ RUN      ] FillListInstantiation/FillListFixture.test_2/0
[       OK ] FillListInstantiation/FillListFixture.test_2/0 (0 ms)
[ RUN      ] FillListInstantiation/FillListFixture.test_2/1
[       OK ] FillListInstantiation/FillListFixture.test_2/1 (0 ms)
[----------] 4 tests from FillListInstantiation/FillListFixture (0 ms total)

[----------] Global test environment tear-down
[==========] 4 tests from 1 test case ran. (0 ms total)
[  PASSED  ] 4 tests.
<end of output>
Test time =   0.00 sec
----------------------------------------------------------
Test Passed.
"Fill" end time: Jun 27 18:41 CDT
"Fill" time elapsed: 00:00:00
----------------------------------------------------------

11/12 Testing: Count
11/12 Test: Count
Command: "/Users/downing/cs371g/github/exercises/build/Count"
Directory: /Users/downing/cs371g/github/exercises/build
"Count" start time: Jun 27 18:41 CDT
Output:
----------------------------------------------------------
Running main() from gtest_main.cc
[==========] Running 15 tests from 1 test case.
[----------] Global test environment set-up.
[----------] 15 tests from Count_Array_Instantiation/Count_Array_Fixture
[ RUN      ] Count_Array_Instantiation/Count_Array_Fixture.test_1/0
[       OK ] Count_Array_Instantiation/Count_Array_Fixture.test_1/0 (0 ms)
[ RUN      ] Count_Array_Instantiation/Count_Array_Fixture.test_1/1
[       OK ] Count_Array_Instantiation/Count_Array_Fixture.test_1/1 (0 ms)
[ RUN      ] Count_Array_Instantiation/Count_Array_Fixture.test_1/2
[       OK ] Count_Array_Instantiation/Count_Array_Fixture.test_1/2 (0 ms)
[ RUN      ] Count_Array_Instantiation/Count_Array_Fixture.test_2/0
[       OK ] Count_Array_Instantiation/Count_Array_Fixture.test_2/0 (0 ms)
[ RUN      ] Count_Array_Instantiation/Count_Array_Fixture.test_2/1
[       OK ] Count_Array_Instantiation/Count_Array_Fixture.test_2/1 (0 ms)
[ RUN      ] Count_Array_Instantiation/Count_Array_Fixture.test_2/2
[       OK ] Count_Array_Instantiation/Count_Array_Fixture.test_2/2 (0 ms)
[ RUN      ] Count_Array_Instantiation/Count_Array_Fixture.test_3/0
[       OK ] Count_Array_Instantiation/Count_Array_Fixture.test_3/0 (0 ms)
[ RUN      ] Count_Array_Instantiation/Count_Array_Fixture.test_3/1
[       OK ] Count_Array_Instantiation/Count_Array_Fixture.test_3/1 (0 ms)
[ RUN      ] Count_Array_Instantiation/Count_Array_Fixture.test_3/2
[       OK ] Count_Array_Instantiation/Count_Array_Fixture.test_3/2 (0 ms)
[ RUN      ] Count_Array_Instantiation/Count_Array_Fixture.test_4/0
[       OK ] Count_Array_Instantiation/Count_Array_Fixture.test_4/0 (0 ms)
[ RUN      ] Count_Array_Instantiation/Count_Array_Fixture.test_4/1
[       OK ] Count_Array_Instantiation/Count_Array_Fixture.test_4/1 (0 ms)
[ RUN      ] Count_Array_Instantiation/Count_Array_Fixture.test_4/2
[       OK ] Count_Array_Instantiation/Count_Array_Fixture.test_4/2 (0 ms)
[ RUN      ] Count_Array_Instantiation/Count_Array_Fixture.test_5/0
[       OK ] Count_Array_Instantiation/Count_Array_Fixture.test_5/0 (0 ms)
[ RUN      ] Count_Array_Instantiation/Count_Array_Fixture.test_5/1
[       OK ] Count_Array_Instantiation/Count_Array_Fixture.test_5/1 (0 ms)
[ RUN      ] Count_Array_Instantiation/Count_Array_Fixture.test_5/2
[       OK ] Count_Array_Instantiation/Count_Array_Fixture.test_5/2 (0 ms)
[----------] 15 tests from Count_Array_Instantiation/Count_Array_Fixture (0 ms total)

[----------] Global test environment tear-down
[==========] 15 tests from 1 test case ran. (0 ms total)
[  PASSED  ] 15 tests.
<end of output>
Test time =   0.00 sec
----------------------------------------------------------
Test Passed.
"Count" end time: Jun 27 18:41 CDT
"Count" time elapsed: 00:00:00
----------------------------------------------------------

12/12 Testing: Reverse
12/12 Test: Reverse
Command: "/Users/downing/cs371g/github/exercises/build/Reverse"
Directory: /Users/downing/cs371g/github/exercises/build
"Reverse" start time: Jun 27 18:41 CDT
Output:
----------------------------------------------------------
Running main() from gtest_main.cc
[==========] Running 8 tests from 1 test case.
[----------] Global test environment set-up.
[----------] 8 tests from Reverse_Array_Instantiation/Reverse_Array_Fixture
[ RUN      ] Reverse_Array_Instantiation/Reverse_Array_Fixture.test_1/0
[       OK ] Reverse_Array_Instantiation/Reverse_Array_Fixture.test_1/0 (0 ms)
[ RUN      ] Reverse_Array_Instantiation/Reverse_Array_Fixture.test_1/1
[       OK ] Reverse_Array_Instantiation/Reverse_Array_Fixture.test_1/1 (0 ms)
[ RUN      ] Reverse_Array_Instantiation/Reverse_Array_Fixture.test_2/0
[       OK ] Reverse_Array_Instantiation/Reverse_Array_Fixture.test_2/0 (0 ms)
[ RUN      ] Reverse_Array_Instantiation/Reverse_Array_Fixture.test_2/1
[       OK ] Reverse_Array_Instantiation/Reverse_Array_Fixture.test_2/1 (0 ms)
[ RUN      ] Reverse_Array_Instantiation/Reverse_Array_Fixture.test_3/0
[       OK ] Reverse_Array_Instantiation/Reverse_Array_Fixture.test_3/0 (0 ms)
[ RUN      ] Reverse_Array_Instantiation/Reverse_Array_Fixture.test_3/1
[       OK ] Reverse_Array_Instantiation/Reverse_Array_Fixture.test_3/1 (0 ms)
[ RUN      ] Reverse_Array_Instantiation/Reverse_Array_Fixture.test_4/0
[       OK ] Reverse_Array_Instantiation/Reverse_Array_Fixture.test_4/0 (0 ms)
[ RUN      ] Reverse_Array_Instantiation/Reverse_Array_Fixture.test_4/1
[       OK ] Reverse_Array_Instantiation/Reverse_Array_Fixture.test_4/1 (0 ms)
[----------] 8 tests from Reverse_Array_Instantiation/Reverse_Array_Fixture (0 ms total)

[----------] Global test environment tear-down
[==========] 8 tests from 1 test case ran. (0 ms total)
[  PASSED  ] 8 tests.
<end of output>
Test time =   0.00 sec
----------------------------------------------------------
Test Passed.
"Reverse" end time: Jun 27 18:41 CDT
"Reverse" time elapsed: 00:00:00
----------------------------------------------------------

End testing: Jun 27 18:41 CDT
